0 info it worked if it ends with ok
1 verbose cli [ '/Users/mvezzani/.nvm/versions/node/v6.3.1/bin/node',
1 verbose cli   '/Users/mvezzani/.nvm/versions/node/v6.3.1/bin/npm',
1 verbose cli   'run',
1 verbose cli   'test' ]
2 info using npm@3.10.9
3 info using node@v6.3.1
4 verbose run-script [ 'pretest', 'test', 'posttest' ]
5 info lifecycle @~pretest: @
6 silly lifecycle @~pretest: no script for pretest, continuing
7 info lifecycle @~test: @
8 verbose lifecycle @~test: unsafe-perm in lifecycle true
9 verbose lifecycle @~test: PATH: /Users/mvezzani/.nvm/versions/node/v6.3.1/lib/node_modules/npm/bin/node-gyp-bin:/Users/mvezzani/work/crossroads/crds-maestro/apps/crossroads_interface/node_modules/.bin:/Users/mvezzani/.asdf/bin:/Users/mvezzani/.asdf/shims:/Users/mvezzani/.rbenv/shims:/Users/mvezzani/.rbenv/bin:/Users/mvezzani/.nvm/versions/node/v6.3.1/bin:/Applications/Postgres.app/Contents/Versions/9.6/bin/:/usr/local/bin:/usr/bin:/bin:/usr/sbin:/sbin:/Library/Frameworks/Mono.framework/Versions/Current/Commands:/Users/mvezzani/.asdf/bin:/Users/mvezzani/.asdf/shims:/Users/mvezzani/.rbenv/shims:/Users/mvezzani/.rbenv/bin:/Users/mvezzani/.rvm/bin:/Users/mvezzani/Library/PackageManager/bin:/usr/local/mysql/bin:/Users/mvezzani/.rvm/bin:/Users/mvezzani/Library/PackageManager/bin:/usr/local/mysql/bin:/Users/mvezzani/Library/PackageManager/bin
10 verbose lifecycle @~test: CWD: /Users/mvezzani/work/crossroads/crds-maestro/apps/crossroads_interface
11 silly lifecycle @~test: Args: [ '-c', 'karma start --single-run' ]
12 silly lifecycle @~test: Returned: code: 1  signal: null
13 info lifecycle @~test: Failed to exec test script
14 verbose stack Error: @ test: `karma start --single-run`
14 verbose stack Exit status 1
14 verbose stack     at EventEmitter.<anonymous> (/Users/mvezzani/.nvm/versions/node/v6.3.1/lib/node_modules/npm/lib/utils/lifecycle.js:255:16)
14 verbose stack     at emitTwo (events.js:106:13)
14 verbose stack     at EventEmitter.emit (events.js:191:7)
14 verbose stack     at ChildProcess.<anonymous> (/Users/mvezzani/.nvm/versions/node/v6.3.1/lib/node_modules/npm/lib/utils/spawn.js:40:14)
14 verbose stack     at emitTwo (events.js:106:13)
14 verbose stack     at ChildProcess.emit (events.js:191:7)
14 verbose stack     at maybeClose (internal/child_process.js:852:16)
14 verbose stack     at Process.ChildProcess._handle.onexit (internal/child_process.js:215:5)
15 verbose pkgid @
16 verbose cwd /Users/mvezzani/work/crossroads/crds-maestro/apps/crossroads_interface
17 error Darwin 15.6.0
18 error argv "/Users/mvezzani/.nvm/versions/node/v6.3.1/bin/node" "/Users/mvezzani/.nvm/versions/node/v6.3.1/bin/npm" "run" "test"
19 error node v6.3.1
20 error npm  v3.10.9
21 error code ELIFECYCLE
22 error @ test: `karma start --single-run`
22 error Exit status 1
23 error Failed at the @ test script 'karma start --single-run'.
23 error Make sure you have the latest version of node.js and npm installed.
23 error If you do, this is most likely a problem with the  package,
23 error not with npm itself.
23 error Tell the author that this fails on your system:
23 error     karma start --single-run
23 error You can get information on how to open an issue for this project with:
23 error     npm bugs
23 error Or if that isn't available, you can get their info via:
23 error     npm owner ls
23 error There is likely additional logging output above.
24 verbose exit [ 1, true ]
